[1016/181112.462:ERROR:directory_reader_win.cc(43)] FindFirstFile: The system cannot find the path specified. (0x3)
[1016/212547.496:ERROR:process_reader_win.cc(127)] NtOpenThread: {Access Denied} A process has requested access to an object, but has not been granted those access rights. (0xc0000022)
[1016/212547.496:ERROR:exception_snapshot_win.cc(100)] thread ID 9964 not found in process
[1016/212547.496:ERROR:process_reader_win.cc(127)] NtOpenThread: {Access Denied} A process has requested access to an object, but has not been granted those access rights. (0xc0000022)
[1016/212547.496:ERROR:exception_snapshot_win.cc(100)] thread ID 24624 not found in process
[1016/212547.656:ERROR:minidumpwritedump_with_crashpad_info.cc(452)] Failed to call MiniDumpWriteDump: Access is denied. (0x80070005)
[1016/212547.656:ERROR:minidumpwritedump_with_crashpad_info.cc(661)] Failed to write minidump file
[1016/212547.656:ERROR:crash_report_exception_handler.cc(134)] TryMiniDumpWriteDumpWithCrashpadInfo failed
[1016/212547.661:ERROR:process_memory_win.cc(73)] ReadMemory at 0x7ff71e5b0000 of 64 bytes failed: Only part of a ReadProcessMemory or WriteProcessMemory request was completed. (0x12B)
[1016/212547.661:WARNING:pe_image_reader.cc(340)] could not read dos header from C:\Program Files (x86)\Microsoft\Edge\Application\msedge.exe
[1016/212547.661:ERROR:process_memory_win.cc(73)] ReadMemory at 0x7ffe9ecb0000 of 64 bytes failed: Only part of a ReadProcessMemory or WriteProcessMemory request was completed. (0x12B)
[1016/212547.661:WARNING:pe_image_reader.cc(340)] could not read dos header from C:\WINDOWS\SYSTEM32\ntdll.dll
[1016/212547.661:ERROR:process_memory_win.cc(73)] ReadMemory at 0x7ffe9cdd0000 of 64 bytes failed: Only part of a ReadProcessMemory or WriteProcessMemory request was completed. (0x12B)
[1016/212547.661:WARNING:pe_image_reader.cc(340)] could not read dos header from C:\WINDOWS\System32\KERNEL32.DLL
[1016/212547.661:ERROR:process_memory_win.cc(73)] ReadMemory at 0x7ffe9ca20000 of 64 bytes failed: Only part of a ReadProcessMemory or WriteProcessMemory request was completed. (0x12B)
[1016/212547.661:WARNING:pe_image_reader.cc(340)] could not read dos header from C:\WINDOWS\System32\KERNELBASE.dll
[1016/212547.661:ERROR:process_memory_win.cc(73)] ReadMemory at 0x7ffe6ca00000 of 64 bytes failed: Only part of a ReadProcessMemory or WriteProcessMemory request was completed. (0x12B)
[1016/212547.661:WARNING:pe_image_reader.cc(340)] could not read dos header from C:\Program Files (x86)\Microsoft\Edge\Application\86.0.622.38\msedge_elf.dll
[1016/212547.661:ERROR:process_memory_win.cc(73)] ReadMemory at 0x7ffe9cd20000 of 64 bytes failed: Only part of a ReadProcessMemory or WriteProcessMemory request was completed. (0x12B)
[1016/212547.661:WARNING:pe_image_reader.cc(340)] could not read dos header from C:\WINDOWS\System32\ADVAPI32.dll
[1016/212547.661:ERROR:process_memory_win.cc(73)] ReadMemory at 0x7ffe9dfa0000 of 64 bytes failed: Only part of a ReadProcessMemory or WriteProcessMemory request was completed. (0x12B)
[1016/212547.661:WARNING:pe_image_reader.cc(340)] could not read dos header from C:\WINDOWS\System32\msvcrt.dll
[1016/212547.661:ERROR:process_memory_win.cc(73)] ReadMemory at 0x7ffe9e9c0000 of 64 bytes failed: Only part of a ReadProcessMemory or WriteProcessMemory request was completed. (0x12B)
[1016/212547.661:WARNING:pe_image_reader.cc(340)] could not read dos header from C:\WINDOWS\System32\sechost.dll
[1016/212547.661:ERROR:process_memory_win.cc(73)] ReadMemory at 0x7ffe9e0b0000 of 64 bytes failed: Only part of a ReadProcessMemory or WriteProcessMemory request was completed. (0x12B)
[1016/212547.661:WARNING:pe_image_reader.cc(340)] could not read dos header from C:\WINDOWS\System32\RPCRT4.dll
[1016/212547.661:ERROR:process_memory_win.cc(73)] ReadMemory at 0x7ffe9e290000 of 64 bytes failed: Only part of a ReadProcessMemory or WriteProcessMemory request was completed. (0x12B)
[1016/212547.661:WARNING:pe_image_reader.cc(340)] could not read dos header from C:\WINDOWS\System32\WS2_32.dll
[1016/212547.661:ERROR:process_memory_win.cc(73)] ReadMemory at 0x7ffe9d450000 of 64 bytes failed: Only part of a ReadProcessMemory or WriteProcessMemory request was completed. (0x12B)
[1016/212547.661:WARNING:pe_image_reader.cc(340)] could not read dos header from C:\WINDOWS\System32\OLEAUT32.dll
[1016/212547.661:ERROR:process_memory_win.cc(73)] ReadMemory at 0x7ffe9c4b0000 of 64 bytes failed: Only part of a ReadProcessMemory or WriteProcessMemory request was completed. (0x12B)
[1016/212547.661:WARNING:pe_image_reader.cc(340)] could not read dos header from C:\WINDOWS\System32\msvcp_win.dll
[1016/212547.661:ERROR:process_memory_win.cc(73)] ReadMemory at 0x7ffe9c550000 of 64 bytes failed: Only part of a ReadProcessMemory or WriteProcessMemory request was completed. (0x12B)
[1016/212547.661:WARNING:pe_image_reader.cc(340)] could not read dos header from C:\WINDOWS\System32\ucrtbase.dll
[1016/212547.661:ERROR:process_memory_win.cc(73)] ReadMemory at 0x215f4000000 of 64 bytes failed: Only part of a ReadProcessMemory or WriteProcessMemory request was completed. (0x12B)
[1016/212547.661:WARNING:pe_image_reader.cc(340)] could not read dos header from C:\WINDOWS\System32\combase.dll
[1016/212547.661:ERROR:process_memory_win.cc(73)] ReadMemory at 0x7ffe9c650000 of 64 bytes failed: Only part of a ReadProcessMemory or WriteProcessMemory request was completed. (0x12B)
[1016/212547.661:WARNING:pe_image_reader.cc(340)] could not read dos header from C:\WINDOWS\System32\WINTRUST.dll
[1016/212547.661:ERROR:process_memory_win.cc(73)] ReadMemory at 0x7ffe9c780000 of 64 bytes failed: Only part of a ReadProcessMemory or WriteProcessMemory request was completed. (0x12B)
[1016/212547.661:WARNING:pe_image_reader.cc(340)] could not read dos header from C:\WINDOWS\System32\CRYPT32.dll
[1016/212547.661:ERROR:process_memory_win.cc(73)] ReadMemory at 0x7ffe9a0b0000 of 64 bytes failed: Only part of a ReadProcessMemory or WriteProcessMemory request was completed. (0x12B)
[1016/212547.661:WARNING:pe_image_reader.cc(340)] could not read dos header from C:\WINDOWS\SYSTEM32\dbghelp.dll
[1016/212547.661:ERROR:process_memory_win.cc(73)] ReadMemory at 0x7ffe9b850000 of 64 bytes failed: Only part of a ReadProcessMemory or WriteProcessMemory request was completed. (0x12B)
[1016/212547.661:WARNING:pe_image_reader.cc(340)] could not read dos header from C:\WINDOWS\SYSTEM32\IPHLPAPI.DLL
[1016/212547.661:ERROR:process_memory_win.cc(73)] ReadMemory at 0x7ffe8b530000 of 64 bytes failed: Only part of a ReadProcessMemory or WriteProcessMemory request was completed. (0x12B)
[1016/212547.661:WARNING:pe_image_reader.cc(340)] could not read dos header from C:\WINDOWS\SYSTEM32\WINMM.dll
[1016/212547.661:ERROR:process_memory_win.cc(73)] ReadMemory at 0x7ffe694d0000 of 64 bytes failed: Only part of a ReadProcessMemory or WriteProcessMemory request was completed. (0x12B)
[1016/212547.661:WARNING:pe_image_reader.cc(340)] could not read dos header from C:\WINDOWS\SYSTEM32\UIAutomationCore.DLL
[1019/141047.104:ERROR:directory_reader_win.cc(43)] FindFirstFile: The system cannot find the path specified. (0x3)
